[0.740s] Invoking command in '/home/michael/Documents/AGV/AGV-v1/Michael/Step_2/src/vision_pkg': PYTHONPATH=/home/michael/Documents/AGV/AGV-v1/Michael/Step_2/build/vision_pkg/prefix_override:/usr/lib/python3/dist-packages/colcon_core/task/python/colcon_distutils_commands:/home/michael/Documents/AGV/AGV-v1/Michael/Step_2/install/vision_pkg/lib/python3.10/site-packages:${PYTHONPATH} /usr/bin/python3 -W ignore:setup.py install is deprecated -W ignore:easy_install command is deprecated setup.py egg_info --egg-base ../../build/vision_pkg build --build-base /home/michael/Documents/AGV/AGV-v1/Michael/Step_2/build/vision_pkg/build install --record /home/michael/Documents/AGV/AGV-v1/Michael/Step_2/build/vision_pkg/install.log --single-version-externally-managed install_data
[1.019s] running egg_info
[1.019s] creating ../../build/vision_pkg/vision_pkg.egg-info
[1.019s] writing ../../build/vision_pkg/vision_pkg.egg-info/PKG-INFO
[1.019s] writing dependency_links to ../../build/vision_pkg/vision_pkg.egg-info/dependency_links.txt
[1.019s] writing entry points to ../../build/vision_pkg/vision_pkg.egg-info/entry_points.txt
[1.019s] writing requirements to ../../build/vision_pkg/vision_pkg.egg-info/requires.txt
[1.019s] writing top-level names to ../../build/vision_pkg/vision_pkg.egg-info/top_level.txt
[1.020s] writing manifest file '../../build/vision_pkg/vision_pkg.egg-info/SOURCES.txt'
[1.021s] reading manifest file '../../build/vision_pkg/vision_pkg.egg-info/SOURCES.txt'
[1.022s] writing manifest file '../../build/vision_pkg/vision_pkg.egg-info/SOURCES.txt'
[1.023s] running build
[1.023s] running build_py
[1.023s] creating /home/michael/Documents/AGV/AGV-v1/Michael/Step_2/build/vision_pkg/build
[1.023s] creating /home/michael/Documents/AGV/AGV-v1/Michael/Step_2/build/vision_pkg/build/lib
[1.023s] creating /home/michael/Documents/AGV/AGV-v1/Michael/Step_2/build/vision_pkg/build/lib/vision_pkg
[1.023s] copying vision_pkg/__init__.py -> /home/michael/Documents/AGV/AGV-v1/Michael/Step_2/build/vision_pkg/build/lib/vision_pkg
[1.023s] copying vision_pkg/edge_detector.py -> /home/michael/Documents/AGV/AGV-v1/Michael/Step_2/build/vision_pkg/build/lib/vision_pkg
[1.023s] running install
[1.024s] running install_lib
[1.025s] creating /home/michael/Documents/AGV/AGV-v1/Michael/Step_2/install/vision_pkg/lib/python3.10/site-packages/vision_pkg
[1.025s] copying /home/michael/Documents/AGV/AGV-v1/Michael/Step_2/build/vision_pkg/build/lib/vision_pkg/__init__.py -> /home/michael/Documents/AGV/AGV-v1/Michael/Step_2/install/vision_pkg/lib/python3.10/site-packages/vision_pkg
[1.025s] copying /home/michael/Documents/AGV/AGV-v1/Michael/Step_2/build/vision_pkg/build/lib/vision_pkg/edge_detector.py -> /home/michael/Documents/AGV/AGV-v1/Michael/Step_2/install/vision_pkg/lib/python3.10/site-packages/vision_pkg
[1.026s] byte-compiling /home/michael/Documents/AGV/AGV-v1/Michael/Step_2/install/vision_pkg/lib/python3.10/site-packages/vision_pkg/__init__.py to __init__.cpython-310.pyc
[1.026s] byte-compiling /home/michael/Documents/AGV/AGV-v1/Michael/Step_2/install/vision_pkg/lib/python3.10/site-packages/vision_pkg/edge_detector.py to edge_detector.cpython-310.pyc
[1.027s] running install_data
[1.027s] creating /home/michael/Documents/AGV/AGV-v1/Michael/Step_2/install/vision_pkg/share/ament_index
[1.027s] creating /home/michael/Documents/AGV/AGV-v1/Michael/Step_2/install/vision_pkg/share/ament_index/resource_index
[1.027s] creating /home/michael/Documents/AGV/AGV-v1/Michael/Step_2/install/vision_pkg/share/ament_index/resource_index/packages
[1.027s] copying resource/vision_pkg -> /home/michael/Documents/AGV/AGV-v1/Michael/Step_2/install/vision_pkg/share/ament_index/resource_index/packages
[1.027s] copying package.xml -> /home/michael/Documents/AGV/AGV-v1/Michael/Step_2/install/vision_pkg/share/vision_pkg
[1.027s] running install_egg_info
[1.029s] Copying ../../build/vision_pkg/vision_pkg.egg-info to /home/michael/Documents/AGV/AGV-v1/Michael/Step_2/install/vision_pkg/lib/python3.10/site-packages/vision_pkg-0.0.0-py3.10.egg-info
[1.030s] running install_scripts
[1.050s] Installing edge_detector script to /home/michael/Documents/AGV/AGV-v1/Michael/Step_2/install/vision_pkg/lib/vision_pkg
[1.050s] writing list of installed files to '/home/michael/Documents/AGV/AGV-v1/Michael/Step_2/build/vision_pkg/install.log'
[1.076s] Invoked command in '/home/michael/Documents/AGV/AGV-v1/Michael/Step_2/src/vision_pkg' returned '0': PYTHONPATH=/home/michael/Documents/AGV/AGV-v1/Michael/Step_2/build/vision_pkg/prefix_override:/usr/lib/python3/dist-packages/colcon_core/task/python/colcon_distutils_commands:/home/michael/Documents/AGV/AGV-v1/Michael/Step_2/install/vision_pkg/lib/python3.10/site-packages:${PYTHONPATH} /usr/bin/python3 -W ignore:setup.py install is deprecated -W ignore:easy_install command is deprecated setup.py egg_info --egg-base ../../build/vision_pkg build --build-base /home/michael/Documents/AGV/AGV-v1/Michael/Step_2/build/vision_pkg/build install --record /home/michael/Documents/AGV/AGV-v1/Michael/Step_2/build/vision_pkg/install.log --single-version-externally-managed install_data
