running egg_info
creating ../../build/vision_pkg/vision_pkg.egg-info
writing ../../build/vision_pkg/vision_pkg.egg-info/PKG-INFO
writing dependency_links to ../../build/vision_pkg/vision_pkg.egg-info/dependency_links.txt
writing entry points to ../../build/vision_pkg/vision_pkg.egg-info/entry_points.txt
writing requirements to ../../build/vision_pkg/vision_pkg.egg-info/requires.txt
writing top-level names to ../../build/vision_pkg/vision_pkg.egg-info/top_level.txt
writing manifest file '../../build/vision_pkg/vision_pkg.egg-info/SOURCES.txt'
reading manifest file '../../build/vision_pkg/vision_pkg.egg-info/SOURCES.txt'
writing manifest file '../../build/vision_pkg/vision_pkg.egg-info/SOURCES.txt'
running build
running build_py
creating /home/michael/Documents/AGV/AGV-v1/Michael/Step_2/build/vision_pkg/build
creating /home/michael/Documents/AGV/AGV-v1/Michael/Step_2/build/vision_pkg/build/lib
creating /home/michael/Documents/AGV/AGV-v1/Michael/Step_2/build/vision_pkg/build/lib/vision_pkg
copying vision_pkg/__init__.py -> /home/michael/Documents/AGV/AGV-v1/Michael/Step_2/build/vision_pkg/build/lib/vision_pkg
copying vision_pkg/edge_detector.py -> /home/michael/Documents/AGV/AGV-v1/Michael/Step_2/build/vision_pkg/build/lib/vision_pkg
running install
running install_lib
copying /home/michael/Documents/AGV/AGV-v1/Michael/Step_2/build/vision_pkg/build/lib/vision_pkg/edge_detector.py -> /home/michael/Documents/AGV/AGV-v1/Michael/Step_2/install/vision_pkg/lib/python3.10/site-packages/vision_pkg
byte-compiling /home/michael/Documents/AGV/AGV-v1/Michael/Step_2/install/vision_pkg/lib/python3.10/site-packages/vision_pkg/edge_detector.py to edge_detector.cpython-310.pyc
running install_data
running install_egg_info
removing '/home/michael/Documents/AGV/AGV-v1/Michael/Step_2/install/vision_pkg/lib/python3.10/site-packages/vision_pkg-0.0.0-py3.10.egg-info' (and everything under it)
Copying ../../build/vision_pkg/vision_pkg.egg-info to /home/michael/Documents/AGV/AGV-v1/Michael/Step_2/install/vision_pkg/lib/python3.10/site-packages/vision_pkg-0.0.0-py3.10.egg-info
running install_scripts
Installing edge_detector script to /home/michael/Documents/AGV/AGV-v1/Michael/Step_2/install/vision_pkg/lib/vision_pkg
writing list of installed files to '/home/michael/Documents/AGV/AGV-v1/Michael/Step_2/build/vision_pkg/install.log'
