[0.850s] Invoking command in '/home/michael/Documents/AGV/AGV-v1/Michael/Step_2/src/vision_pkg': PYTHONPATH=/home/michael/Documents/AGV/AGV-v1/Michael/Step_2/build/vision_pkg/prefix_override:/usr/lib/python3/dist-packages/colcon_core/task/python/colcon_distutils_commands:/home/michael/Documents/AGV/AGV-v1/Michael/Step_2/install/vision_pkg/lib/python3.10/site-packages:${PYTHONPATH} /usr/bin/python3 -W ignore:setup.py install is deprecated -W ignore:easy_install command is deprecated setup.py egg_info --egg-base ../../build/vision_pkg build --build-base /home/michael/Documents/AGV/AGV-v1/Michael/Step_2/build/vision_pkg/build install --record /home/michael/Documents/AGV/AGV-v1/Michael/Step_2/build/vision_pkg/install.log --single-version-externally-managed install_data
[1.208s] running egg_info
[1.208s] creating ../../build/vision_pkg/vision_pkg.egg-info
[1.209s] writing ../../build/vision_pkg/vision_pkg.egg-info/PKG-INFO
[1.209s] writing dependency_links to ../../build/vision_pkg/vision_pkg.egg-info/dependency_links.txt
[1.210s] writing entry points to ../../build/vision_pkg/vision_pkg.egg-info/entry_points.txt
[1.211s] writing requirements to ../../build/vision_pkg/vision_pkg.egg-info/requires.txt
[1.211s] writing top-level names to ../../build/vision_pkg/vision_pkg.egg-info/top_level.txt
[1.212s] writing manifest file '../../build/vision_pkg/vision_pkg.egg-info/SOURCES.txt'
[1.213s] reading manifest file '../../build/vision_pkg/vision_pkg.egg-info/SOURCES.txt'
[1.215s] writing manifest file '../../build/vision_pkg/vision_pkg.egg-info/SOURCES.txt'
[1.215s] running build
[1.215s] running build_py
[1.216s] creating /home/michael/Documents/AGV/AGV-v1/Michael/Step_2/build/vision_pkg/build
[1.216s] creating /home/michael/Documents/AGV/AGV-v1/Michael/Step_2/build/vision_pkg/build/lib
[1.216s] creating /home/michael/Documents/AGV/AGV-v1/Michael/Step_2/build/vision_pkg/build/lib/vision_pkg
[1.216s] copying vision_pkg/__init__.py -> /home/michael/Documents/AGV/AGV-v1/Michael/Step_2/build/vision_pkg/build/lib/vision_pkg
[1.216s] copying vision_pkg/edge_detector.py -> /home/michael/Documents/AGV/AGV-v1/Michael/Step_2/build/vision_pkg/build/lib/vision_pkg
[1.216s] running install
[1.217s] running install_lib
[1.217s] copying /home/michael/Documents/AGV/AGV-v1/Michael/Step_2/build/vision_pkg/build/lib/vision_pkg/edge_detector.py -> /home/michael/Documents/AGV/AGV-v1/Michael/Step_2/install/vision_pkg/lib/python3.10/site-packages/vision_pkg
[1.218s] byte-compiling /home/michael/Documents/AGV/AGV-v1/Michael/Step_2/install/vision_pkg/lib/python3.10/site-packages/vision_pkg/edge_detector.py to edge_detector.cpython-310.pyc
[1.219s] running install_data
[1.219s] running install_egg_info
[1.222s] removing '/home/michael/Documents/AGV/AGV-v1/Michael/Step_2/install/vision_pkg/lib/python3.10/site-packages/vision_pkg-0.0.0-py3.10.egg-info' (and everything under it)
[1.222s] Copying ../../build/vision_pkg/vision_pkg.egg-info to /home/michael/Documents/AGV/AGV-v1/Michael/Step_2/install/vision_pkg/lib/python3.10/site-packages/vision_pkg-0.0.0-py3.10.egg-info
[1.224s] running install_scripts
[1.255s] Installing edge_detector script to /home/michael/Documents/AGV/AGV-v1/Michael/Step_2/install/vision_pkg/lib/vision_pkg
[1.256s] writing list of installed files to '/home/michael/Documents/AGV/AGV-v1/Michael/Step_2/build/vision_pkg/install.log'
[1.291s] Invoked command in '/home/michael/Documents/AGV/AGV-v1/Michael/Step_2/src/vision_pkg' returned '0': PYTHONPATH=/home/michael/Documents/AGV/AGV-v1/Michael/Step_2/build/vision_pkg/prefix_override:/usr/lib/python3/dist-packages/colcon_core/task/python/colcon_distutils_commands:/home/michael/Documents/AGV/AGV-v1/Michael/Step_2/install/vision_pkg/lib/python3.10/site-packages:${PYTHONPATH} /usr/bin/python3 -W ignore:setup.py install is deprecated -W ignore:easy_install command is deprecated setup.py egg_info --egg-base ../../build/vision_pkg build --build-base /home/michael/Documents/AGV/AGV-v1/Michael/Step_2/build/vision_pkg/build install --record /home/michael/Documents/AGV/AGV-v1/Michael/Step_2/build/vision_pkg/install.log --single-version-externally-managed install_data
